<?xml version="1.0" encoding="UTF-8"?>
<testsuite name="services.CompanyServiceTest" tests="4" skipped="0" failures="0" errors="0" timestamp="2025-10-19T16:37:48.327Z" hostname="mclara" time="0.051">
  <properties/>
  <testcase name="return list of all companies" classname="services.CompanyServiceTest" time="0.01"/>
  <testcase name="insert new company" classname="services.CompanyServiceTest" time="0.012"/>
  <testcase name="update company" classname="services.CompanyServiceTest" time="0.017"/>
  <testcase name="delete candidate" classname="services.CompanyServiceTest" time="0.009"/>
  <system-out><![CDATA[[SUCESSO]: Empresa removido com sucesso!
]]></system-out>
  <system-err><![CDATA[]]></system-err>
</testsuite>
