<?xml version="1.0" encoding="UTF-8"?>
<testsuite name="services.CandidateServiceTest" tests="1" skipped="0" failures="0" errors="0" timestamp="2025-10-16T19:14:12.631Z" hostname="mclara" time="0.078">
  <properties/>
  <testcase name="delete candidate" classname="services.CandidateServiceTest" time="0.078"/>
  <system-out><![CDATA[]]></system-out>
  <system-err><![CDATA[]]></system-err>
</testsuite>
