<?xml version="1.0" encoding="UTF-8"?>
<testsuite name="services.CandidateServiceTest" tests="4" skipped="0" failures="0" errors="0" timestamp="2025-10-19T16:37:48.048Z" hostname="mclara" time="0.226">
  <properties/>
  <testcase name="return list of all candidates" classname="services.CandidateServiceTest" time="0.037"/>
  <testcase name="insert new candidate" classname="services.CandidateServiceTest" time="0.037"/>
  <testcase name="update candidate" classname="services.CandidateServiceTest" time="0.022"/>
  <testcase name="delete candidate" classname="services.CandidateServiceTest" time="0.127"/>
  <system-out><![CDATA[[SUCESSO]: Candidato removido com sucesso!
]]></system-out>
  <system-err><![CDATA[]]></system-err>
</testsuite>
