<?xml version="1.0" encoding="UTF-8"?>
<testsuite name="services.CandidateServiceTest" tests="4" skipped="0" failures="0" errors="0" timestamp="2025-10-17T21:43:06.481Z" hostname="mclara" time="0.306">
  <properties/>
  <testcase name="return list of all candidates" classname="services.CandidateServiceTest" time="0.048"/>
  <testcase name="insert new candidate" classname="services.CandidateServiceTest" time="0.043"/>
  <testcase name="update candidate" classname="services.CandidateServiceTest" time="0.036"/>
  <testcase name="delete candidate" classname="services.CandidateServiceTest" time="0.173"/>
  <system-out><![CDATA[[SUCESSO]: Candidato removido com sucesso!
]]></system-out>
  <system-err><![CDATA[]]></system-err>
</testsuite>
