<?xml version="1.0" encoding="UTF-8"?>
<testsuite name="services.PessoaServiceTeste" tests="1" skipped="0" failures="0" errors="0" timestamp="2025-09-10T18:40:29.425Z" hostname="mclara" time="0.209">
  <properties/>
  <testcase name="cadastrar Empresa" classname="services.PessoaServiceTeste" time="0.209"/>
  <system-out><![CDATA[]]></system-out>
  <system-err><![CDATA[]]></system-err>
</testsuite>
